<?xml version="1.0" encoding="UTF-8"?>
<!-- Generated by org.testng.reporters.JUnitReportReporter -->
<testsuite hostname="LAPTOP-HK6CRJ4Q" failures="0" tests="3" name="TestNGatributes.TestNg1" time="0.002" errors="0" timestamp="2022-09-19T15:40:26 IST" skipped="1">
  <testcase classname="TestNGatributes.TestNg1" name="m3" time="0.001"/>
  <system-out/>
  <testcase classname="TestNGatributes.TestNg1" name="m2" time="0.001"/>
  <system-out/>
  <testcase classname="TestNGatributes.TestNg1" name="m1">
    <skipped/>
  </testcase> <!-- m1 -->
  <system-out/>
</testsuite> <!-- TestNGatributes.TestNg1 -->
