<?xml version="1.0" encoding="UTF-8"?>
<!-- Generated by org.testng.reporters.JUnitReportReporter -->
<testsuite hostname="LAPTOP-HK6CRJ4Q" failures="0" tests="1" name="Extetesreport.c1" time="3.437" errors="0" timestamp="2022-09-22T15:50:41 IST" skipped="0">
  <testcase classname="Extetesreport.c1" name="extentReportsDemo" time="3.437"/>
  <system-out/>
</testsuite> <!-- Extetesreport.c1 -->
