<?xml version="1.0" encoding="UTF-8"?>
<!-- Generated by org.testng.reporters.JUnitReportReporter -->
<testsuite hostname="LAPTOP-HK6CRJ4Q" failures="0" tests="1" name="pack2.class3" time="10.194" errors="0" timestamp="2022-09-19T15:40:26 IST" skipped="0">
  <testcase classname="pack2.class3" name="T3" time="10.194"/>
  <system-out/>
</testsuite> <!-- pack2.class3 -->
