<?xml version="1.0" encoding="UTF-8"?>
<!-- Generated by org.testng.reporters.JUnitReportReporter -->
<testsuite hostname="LAPTOP-HK6CRJ4Q" failures="0" tests="1" name="Filehandling.readwrite" time="1.268" errors="0" timestamp="2022-09-21T15:51:31 IST" skipped="0">
  <testcase classname="Filehandling.readwrite" name="T1" time="1.268"/>
  <system-out/>
</testsuite> <!-- Filehandling.readwrite -->
