<?xml version="1.0" encoding="UTF-8"?>
<!-- Generated by org.testng.reporters.JUnitReportReporter -->
<testsuite hostname="LAPTOP-HK6CRJ4Q" failures="0" tests="1" name="pack1.class2" time="9.177" errors="0" timestamp="2022-09-19T15:40:26 IST" skipped="0">
  <testcase classname="pack1.class2" name="T2" time="9.177"/>
  <system-out/>
</testsuite> <!-- pack1.class2 -->
