<?xml version="1.0" encoding="UTF-8"?>
<!-- Generated by org.testng.reporters.JUnitReportReporter -->
<testsuite hostname="LAPTOP-HK6CRJ4Q" failures="0" tests="1" name="pack1.class1" time="25.845" errors="0" timestamp="2022-09-19T15:36:06 IST" skipped="0">
  <testcase classname="pack1.class1" name="T1" time="25.845"/>
  <system-out/>
</testsuite> <!-- pack1.class1 -->
