<?xml version="1.0" encoding="UTF-8"?>
<!-- Generated by org.testng.reporters.JUnitReportReporter -->
<testsuite hostname="LAPTOP-HK6CRJ4Q" failures="0" tests="3" name="dataproviderr.datapro" time="28.909" errors="0" timestamp="2022-09-21T21:17:25 IST" skipped="0">
  <testcase classname="dataproviderr.datapro" name="DataProvSampleTest" time="9.366"/>
  <system-out/>
  <testcase classname="dataproviderr.datapro" name="DataProvSampleTest" time="12.261"/>
  <system-out/>
  <testcase classname="dataproviderr.datapro" name="DataProvSampleTest" time="7.282"/>
  <system-out/>
</testsuite> <!-- dataproviderr.datapro -->
